*** Using Compiler 'V5.06 update 5 (build 528)', folder: 'D:\Keil_v5\ARM\ARMCC\Bin'
Rebuild target 'FreeRTOS'
assembling startup_stm32f103xe.s...
compiling stm32f1xx_it.c...
compiling sys.c...
compiling usart.c...
compiling system_stm32f1xx.c...
compiling stm32f1xx_hal.c...
compiling main.c...
compiling stm32f1xx_hal_cortex.c...
compiling stm32f1xx_hal_gpio.c...
compiling delay.c...
compiling freertos_demo.c...
compiling stm32f1xx_hal_dma.c...
compiling led.c...
compiling stm32f1xx_hal_rcc_ex.c...
compiling stm32f1xx_hal_gpio_ex.c...
compiling stm32f1xx_hal_pwr.c...
compiling key.c...
compiling stm32f1xx_hal_usart.c...
compiling stm32f1xx_hal_uart.c...
compiling stm32f1xx_hal_rcc.c...
compiling stm32f1xx_hal_tim_ex.c...
compiling stm32f1xx_hal_tim.c...
compiling lcd.c...
compiling malloc.c...
compiling btim.c...
compiling event_groups.c...
compiling list.c...
compiling croutine.c...
compiling stream_buffer.c...
compiling queue.c...
compiling port.c...
compiling heap_4.c...
compiling timers.c...
compiling tasks.c...
linking...
Program Size: Code=40168 RO-data=432 RW-data=208 ZI-data=45792  
FromELF: creating hex file...
"..\..\Output\atk_f103.axf" - 0 Error(s), 0 Warning(s).
Build Time Elapsed:  00:00:12
